<?xml version="1.0" encoding="UTF-8"?>
<testsuite xmlns:xsi="http://www.w3.org/2001/XMLSchema-instance" xsi:noNamespaceSchemaLocation="https://maven.apache.org/surefire/maven-surefire-plugin/xsd/surefire-test-report.xsd" name="HamcrestTest" time="0.003" tests="23" errors="0" skipped="0" failures="0">
  <properties>
[...]
</properties>
  <testcase name="isSignValid" classname="HamcrestTest" time="0"/>
  <testcase name="functionDoubleValueTest1" classname="HamcrestTest" time="0"/>
  <testcase name="functionDoubleValueTest2" classname="HamcrestTest" time="0"/>
  <testcase name="addTest1" classname="HamcrestTest" time="0"/>
  <testcase name="addTest2" classname="HamcrestTest" time="0"/>
  <testcase name="addTest3" classname="HamcrestTest" time="0"/>
  <testcase name="functionDoubleValueExceptionTest" classname="HamcrestTest" time="0"/>
  <testcase name="multiplyTest1" classname="HamcrestTest" time="0"/>
  <testcase name="multiplyTest2" classname="HamcrestTest" time="0"/>
  <testcase name="multiplyTest3" classname="HamcrestTest" time="0"/>
  <testcase name="functionOfTest1" classname="HamcrestTest" time="0"/>
  <testcase name="functionOfTest2" classname="HamcrestTest" time="0"/>
  <testcase name="functionOfTest3" classname="HamcrestTest" time="0"/>
  <testcase name="functionOfTest4" classname="HamcrestTest" time="0"/>
  <testcase name="functionOfTest5" classname="HamcrestTest" time="0"/>
  <testcase name="functionOfTest6" classname="HamcrestTest" time="0"/>
  <testcase name="functionOfTest7" classname="HamcrestTest" time="0"/>
  <testcase name="functionOfTest8" classname="HamcrestTest" time="0"/>
  <testcase name="toStringTest" classname="HamcrestTest" time="0"/>
  <testcase name="whenDenominatorAndNominatorAreZeros1" classname="HamcrestTest" time="0"/>
  <testcase name="whenDenominatorAndNominatorAreZeros2" classname="HamcrestTest" time="0"/>
  <testcase name="whenDenominatorIsZeroAndNominatorNotZero" classname="HamcrestTest" time="0"/>
  <testcase name="isFractionSpecial" classname="HamcrestTest" time="0"/>
</testsuite>